<?xml version="1.0" encoding="UTF-8"?>
<robot generator="Robot 3.2.1 (Python 3.8.3 on win32)" generated="20200731 15:25:42.000" rpa="false">
<suite id="s1" name="Tests" source="C:\qaninja\twp\tests">
<suite id="s1-s1" name="Buttons" source="C:\qaninja\twp\tests\buttons.robot">
<test id="s1-s1-t1" name="Deve realizar um clique simples">
<kw name="Open Session" library="base" type="setup">
<kw name="Set Appium Timeout" library="AppiumLibrary">
<doc>Sets the timeout in seconds used by various keywords.</doc>
<arguments>
<arg>5</arg>
</arguments>
<status status="PASS" starttime="20200731 15:25:42.313" endtime="20200731 15:25:42.313"></status>
</kw>
<kw name="Open Application" library="AppiumLibrary">
<doc>Opens a new application to given Appium server.
Capabilities of appium server, Android and iOS,
Please check https://github.com/appium/appium/blob/master/docs/en/writing-running-appium/server-args.md
| *Option*            | *Man.* | *Description*     |
| remote_url          | Yes    | Appium server url |
| alias               | no     | alias             |</doc>
<arguments>
<arg>http://127.0.0.1:4723/wd/hub</arg>
<arg>automationName=UiAutomator2</arg>
<arg>platformName=Android</arg>
<arg>deviceName=Emulator</arg>
<arg>app=${EXECDIR}/app/twp.apk</arg>
<arg>udid=emulator-5554</arg>
</arguments>
<status status="PASS" starttime="20200731 15:25:42.313" endtime="20200731 15:25:53.527"></status>
</kw>
<kw name="Get Started" library="helpers">
<kw name="Wait Until Page Contains" library="AppiumLibrary">
<doc>Waits until `text` appears on current page.</doc>
<arguments>
<arg>${START}</arg>
</arguments>
<status status="PASS" starttime="20200731 15:25:53.529" endtime="20200731 15:25:57.379"></status>
</kw>
<kw name="Click Text" library="AppiumLibrary">
<doc>Click text identified by ``text``.</doc>
<arguments>
<arg>${START}</arg>
</arguments>
<status status="PASS" starttime="20200731 15:25:57.379" endtime="20200731 15:25:57.684"></status>
</kw>
<status status="PASS" starttime="20200731 15:25:53.527" endtime="20200731 15:25:57.685"></status>
</kw>
<status status="PASS" starttime="20200731 15:25:42.312" endtime="20200731 15:25:57.685"></status>
</kw>
<kw name="Go To Short Click" library="helpers">
<kw name="Navigate To Menu" library="helpers">
<kw name="Wait Until Element Is Visible" library="AppiumLibrary">
<doc>Waits until element specified with `locator` is visible.</doc>
<arguments>
<arg>${NAVIGATE_TO_MENU}</arg>
</arguments>
<status status="PASS" starttime="20200731 15:25:57.686" endtime="20200731 15:25:59.002"></status>
</kw>
<kw name="Click Element" library="AppiumLibrary">
<doc>Click element identified by `locator`.</doc>
<arguments>
<arg>${NAVIGATE_TO_MENU}</arg>
</arguments>
<msg timestamp="20200731 15:25:59.003" level="INFO">Clicking element 'xpath=//android.widget.ImageButton[@content-desc="Open navigation drawer"]'.</msg>
<status status="PASS" starttime="20200731 15:25:59.002" endtime="20200731 15:25:59.162"></status>
</kw>
<kw name="Wait Until Element Is Visible" library="AppiumLibrary">
<doc>Waits until element specified with `locator` is visible.</doc>
<arguments>
<arg>id=io.qaninja.android.twp:id/navView</arg>
</arguments>
<status status="PASS" starttime="20200731 15:25:59.162" endtime="20200731 15:26:00.214"></status>
</kw>
<status status="PASS" starttime="20200731 15:25:57.686" endtime="20200731 15:26:00.214"></status>
</kw>
<kw name="Click Text" library="AppiumLibrary">
<doc>Click text identified by ``text``.</doc>
<arguments>
<arg>BOTÕES</arg>
</arguments>
<status status="PASS" starttime="20200731 15:26:00.214" endtime="20200731 15:26:00.528"></status>
</kw>
<kw name="Wait Until Page Contains" library="AppiumLibrary">
<doc>Waits until `text` appears on current page.</doc>
<arguments>
<arg>CLIQUE SIMPLES</arg>
</arguments>
<status status="PASS" starttime="20200731 15:26:00.528" endtime="20200731 15:26:01.122"></status>
</kw>
<kw name="Click Text" library="AppiumLibrary">
<doc>Click text identified by ``text``.</doc>
<arguments>
<arg>CLIQUE SIMPLES</arg>
</arguments>
<status status="PASS" starttime="20200731 15:26:01.122" endtime="20200731 15:26:01.590"></status>
</kw>
<kw name="Wait Until Page Contains" library="AppiumLibrary">
<doc>Waits until `text` appears on current page.</doc>
<arguments>
<arg>Botão clique simples</arg>
</arguments>
<status status="PASS" starttime="20200731 15:26:01.590" endtime="20200731 15:26:02.457"></status>
</kw>
<status status="PASS" starttime="20200731 15:25:57.685" endtime="20200731 15:26:02.457"></status>
</kw>
<kw name="Click Text" library="AppiumLibrary">
<doc>Click text identified by ``text``.</doc>
<arguments>
<arg>CLIQUE AQUI</arg>
</arguments>
<status status="PASS" starttime="20200731 15:26:02.457" endtime="20200731 15:26:02.549"></status>
</kw>
<kw name="Wait Until Page Contains" library="AppiumLibrary">
<doc>Waits until `text` appears on current page.</doc>
<arguments>
<arg>Isso é um clique simples</arg>
</arguments>
<status status="PASS" starttime="20200731 15:26:02.549" endtime="20200731 15:26:02.658"></status>
</kw>
<kw name="Close Session" library="base" type="teardown">
<kw name="Capture Page Screenshot" library="AppiumLibrary">
<doc>Takes a screenshot of the current page and embeds it into the log.</doc>
<msg timestamp="20200731 15:26:03.197" level="INFO" html="yes">&lt;/td&gt;&lt;/tr&gt;&lt;tr&gt;&lt;td colspan="3"&gt;&lt;a href="appium-screenshot-1.png"&gt;&lt;img src="appium-screenshot-1.png" width="800px"&gt;&lt;/a&gt;</msg>
<status status="PASS" starttime="20200731 15:26:02.660" endtime="20200731 15:26:03.197"></status>
</kw>
<kw name="Close Application" library="AppiumLibrary">
<doc>Closes the current application and also close webdriver session.</doc>
<status status="PASS" starttime="20200731 15:26:03.197" endtime="20200731 15:26:04.017"></status>
</kw>
<status status="PASS" starttime="20200731 15:26:02.659" endtime="20200731 15:26:04.018"></status>
</kw>
<tags>
<tag>short</tag>
</tags>
<status status="PASS" starttime="20200731 15:25:42.312" endtime="20200731 15:26:04.018" critical="yes"></status>
</test>
<test id="s1-s1-t2" name="Deve realizar um clique longo">
<kw name="Open Session" library="base" type="setup">
<kw name="Set Appium Timeout" library="AppiumLibrary">
<doc>Sets the timeout in seconds used by various keywords.</doc>
<arguments>
<arg>5</arg>
</arguments>
<status status="PASS" starttime="20200731 15:26:04.022" endtime="20200731 15:26:04.022"></status>
</kw>
<kw name="Open Application" library="AppiumLibrary">
<doc>Opens a new application to given Appium server.
Capabilities of appium server, Android and iOS,
Please check https://github.com/appium/appium/blob/master/docs/en/writing-running-appium/server-args.md
| *Option*            | *Man.* | *Description*     |
| remote_url          | Yes    | Appium server url |
| alias               | no     | alias             |</doc>
<arguments>
<arg>http://127.0.0.1:4723/wd/hub</arg>
<arg>automationName=UiAutomator2</arg>
<arg>platformName=Android</arg>
<arg>deviceName=Emulator</arg>
<arg>app=${EXECDIR}/app/twp.apk</arg>
<arg>udid=emulator-5554</arg>
</arguments>
<status status="PASS" starttime="20200731 15:26:04.022" endtime="20200731 15:26:14.623"></status>
</kw>
<kw name="Get Started" library="helpers">
<kw name="Wait Until Page Contains" library="AppiumLibrary">
<doc>Waits until `text` appears on current page.</doc>
<arguments>
<arg>${START}</arg>
</arguments>
<status status="PASS" starttime="20200731 15:26:14.623" endtime="20200731 15:26:18.514"></status>
</kw>
<kw name="Click Text" library="AppiumLibrary">
<doc>Click text identified by ``text``.</doc>
<arguments>
<arg>${START}</arg>
</arguments>
<status status="PASS" starttime="20200731 15:26:18.515" endtime="20200731 15:26:18.756"></status>
</kw>
<status status="PASS" starttime="20200731 15:26:14.623" endtime="20200731 15:26:18.756"></status>
</kw>
<status status="PASS" starttime="20200731 15:26:04.021" endtime="20200731 15:26:18.756"></status>
</kw>
<kw name="Go To Long Click" library="helpers">
<kw name="Navigate To Menu" library="helpers">
<kw name="Wait Until Element Is Visible" library="AppiumLibrary">
<doc>Waits until element specified with `locator` is visible.</doc>
<arguments>
<arg>${NAVIGATE_TO_MENU}</arg>
</arguments>
<status status="PASS" starttime="20200731 15:26:18.757" endtime="20200731 15:26:20.060"></status>
</kw>
<kw name="Click Element" library="AppiumLibrary">
<doc>Click element identified by `locator`.</doc>
<arguments>
<arg>${NAVIGATE_TO_MENU}</arg>
</arguments>
<msg timestamp="20200731 15:26:20.061" level="INFO">Clicking element 'xpath=//android.widget.ImageButton[@content-desc="Open navigation drawer"]'.</msg>
<status status="PASS" starttime="20200731 15:26:20.060" endtime="20200731 15:26:20.224"></status>
</kw>
<kw name="Wait Until Element Is Visible" library="AppiumLibrary">
<doc>Waits until element specified with `locator` is visible.</doc>
<arguments>
<arg>id=io.qaninja.android.twp:id/navView</arg>
</arguments>
<status status="PASS" starttime="20200731 15:26:20.224" endtime="20200731 15:26:21.240"></status>
</kw>
<status status="PASS" starttime="20200731 15:26:18.757" endtime="20200731 15:26:21.240"></status>
</kw>
<kw name="Click Text" library="AppiumLibrary">
<doc>Click text identified by ``text``.</doc>
<arguments>
<arg>BOTÕES</arg>
</arguments>
<status status="PASS" starttime="20200731 15:26:21.241" endtime="20200731 15:26:21.449"></status>
</kw>
<kw name="Wait Until Page Contains" library="AppiumLibrary">
<doc>Waits until `text` appears on current page.</doc>
<arguments>
<arg>CLIQUE LONGO</arg>
</arguments>
<status status="PASS" starttime="20200731 15:26:21.449" endtime="20200731 15:26:22.053"></status>
</kw>
<kw name="Click Text" library="AppiumLibrary">
<doc>Click text identified by ``text``.</doc>
<arguments>
<arg>CLIQUE LONGO</arg>
</arguments>
<status status="PASS" starttime="20200731 15:26:22.053" endtime="20200731 15:26:22.548"></status>
</kw>
<kw name="Wait Until Page Contains" library="AppiumLibrary">
<doc>Waits until `text` appears on current page.</doc>
<arguments>
<arg>Botão clique longo</arg>
</arguments>
<status status="PASS" starttime="20200731 15:26:22.548" endtime="20200731 15:26:23.448"></status>
</kw>
<status status="PASS" starttime="20200731 15:26:18.756" endtime="20200731 15:26:23.448"></status>
</kw>
<kw name="Long Press" library="AppiumLibrary">
<doc>Long press the element with optional duration</doc>
<arguments>
<arg>id=io.qaninja.android.twp:id/long_click</arg>
<arg>1000</arg>
</arguments>
<status status="PASS" starttime="20200731 15:26:23.449" endtime="20200731 15:26:26.024"></status>
</kw>
<kw name="Wait Until Page Contains" library="AppiumLibrary">
<doc>Waits until `text` appears on current page.</doc>
<arguments>
<arg>CLIQUE LONGO OK</arg>
</arguments>
<status status="PASS" starttime="20200731 15:26:26.025" endtime="20200731 15:26:26.070"></status>
</kw>
<kw name="Close Session" library="base" type="teardown">
<kw name="Capture Page Screenshot" library="AppiumLibrary">
<doc>Takes a screenshot of the current page and embeds it into the log.</doc>
<msg timestamp="20200731 15:26:26.482" level="INFO" html="yes">&lt;/td&gt;&lt;/tr&gt;&lt;tr&gt;&lt;td colspan="3"&gt;&lt;a href="appium-screenshot-2.png"&gt;&lt;img src="appium-screenshot-2.png" width="800px"&gt;&lt;/a&gt;</msg>
<status status="PASS" starttime="20200731 15:26:26.071" endtime="20200731 15:26:26.483"></status>
</kw>
<kw name="Close Application" library="AppiumLibrary">
<doc>Closes the current application and also close webdriver session.</doc>
<status status="PASS" starttime="20200731 15:26:26.483" endtime="20200731 15:26:27.251"></status>
</kw>
<status status="PASS" starttime="20200731 15:26:26.071" endtime="20200731 15:26:27.252"></status>
</kw>
<tags>
<tag>long</tag>
</tags>
<status status="PASS" starttime="20200731 15:26:04.020" endtime="20200731 15:26:27.252" critical="yes"></status>
</test>
<status status="PASS" starttime="20200731 15:25:42.040" endtime="20200731 15:26:27.254"></status>
</suite>
<suite id="s1-s2" name="Checkbox" source="C:\qaninja\twp\tests\checkbox.robot">
<test id="s1-s2-t1" name="Deve marcar a opção Robot Framework">
<kw name="Open Session" library="base" type="setup">
<kw name="Set Appium Timeout" library="AppiumLibrary">
<doc>Sets the timeout in seconds used by various keywords.</doc>
<arguments>
<arg>5</arg>
</arguments>
<status status="PASS" starttime="20200731 15:26:27.269" endtime="20200731 15:26:27.269"></status>
</kw>
<kw name="Open Application" library="AppiumLibrary">
<doc>Opens a new application to given Appium server.
Capabilities of appium server, Android and iOS,
Please check https://github.com/appium/appium/blob/master/docs/en/writing-running-appium/server-args.md
| *Option*            | *Man.* | *Description*     |
| remote_url          | Yes    | Appium server url |
| alias               | no     | alias             |</doc>
<arguments>
<arg>http://127.0.0.1:4723/wd/hub</arg>
<arg>automationName=UiAutomator2</arg>
<arg>platformName=Android</arg>
<arg>deviceName=Emulator</arg>
<arg>app=${EXECDIR}/app/twp.apk</arg>
<arg>udid=emulator-5554</arg>
</arguments>
<status status="PASS" starttime="20200731 15:26:27.269" endtime="20200731 15:26:37.979"></status>
</kw>
<kw name="Get Started" library="helpers">
<kw name="Wait Until Page Contains" library="AppiumLibrary">
<doc>Waits until `text` appears on current page.</doc>
<arguments>
<arg>${START}</arg>
</arguments>
<status status="PASS" starttime="20200731 15:26:37.980" endtime="20200731 15:26:41.859"></status>
</kw>
<kw name="Click Text" library="AppiumLibrary">
<doc>Click text identified by ``text``.</doc>
<arguments>
<arg>${START}</arg>
</arguments>
<status status="PASS" starttime="20200731 15:26:41.859" endtime="20200731 15:26:42.167"></status>
</kw>
<status status="PASS" starttime="20200731 15:26:37.979" endtime="20200731 15:26:42.168"></status>
</kw>
<status status="PASS" starttime="20200731 15:26:27.268" endtime="20200731 15:26:42.168"></status>
</kw>
<kw name="Go To CheckBox" library="helpers">
<kw name="Navigate To Menu" library="helpers">
<kw name="Wait Until Element Is Visible" library="AppiumLibrary">
<doc>Waits until element specified with `locator` is visible.</doc>
<arguments>
<arg>${NAVIGATE_TO_MENU}</arg>
</arguments>
<status status="PASS" starttime="20200731 15:26:42.170" endtime="20200731 15:26:43.441"></status>
</kw>
<kw name="Click Element" library="AppiumLibrary">
<doc>Click element identified by `locator`.</doc>
<arguments>
<arg>${NAVIGATE_TO_MENU}</arg>
</arguments>
<msg timestamp="20200731 15:26:43.442" level="INFO">Clicking element 'xpath=//android.widget.ImageButton[@content-desc="Open navigation drawer"]'.</msg>
<status status="PASS" starttime="20200731 15:26:43.441" endtime="20200731 15:26:43.575"></status>
</kw>
<kw name="Wait Until Element Is Visible" library="AppiumLibrary">
<doc>Waits until element specified with `locator` is visible.</doc>
<arguments>
<arg>id=io.qaninja.android.twp:id/navView</arg>
</arguments>
<status status="PASS" starttime="20200731 15:26:43.576" endtime="20200731 15:26:44.606"></status>
</kw>
<status status="PASS" starttime="20200731 15:26:42.170" endtime="20200731 15:26:44.606"></status>
</kw>
<kw name="Click Text" library="AppiumLibrary">
<doc>Click text identified by ``text``.</doc>
<arguments>
<arg>INPUTS</arg>
</arguments>
<status status="PASS" starttime="20200731 15:26:44.606" endtime="20200731 15:26:44.935"></status>
</kw>
<kw name="Wait Until Page Contains" library="AppiumLibrary">
<doc>Waits until `text` appears on current page.</doc>
<arguments>
<arg>INPUTS</arg>
</arguments>
<status status="PASS" starttime="20200731 15:26:44.935" endtime="20200731 15:26:45.501"></status>
</kw>
<kw name="Click Text" library="AppiumLibrary">
<doc>Click text identified by ``text``.</doc>
<arguments>
<arg>CHECKBOX</arg>
</arguments>
<status status="PASS" starttime="20200731 15:26:45.502" endtime="20200731 15:26:46.023"></status>
</kw>
<kw name="Wait Until Page Contains" library="AppiumLibrary">
<doc>Waits until `text` appears on current page.</doc>
<arguments>
<arg>Marque as techs que usam Appium</arg>
</arguments>
<status status="PASS" starttime="20200731 15:26:46.024" endtime="20200731 15:26:47.107"></status>
</kw>
<status status="PASS" starttime="20200731 15:26:42.168" endtime="20200731 15:26:47.108"></status>
</kw>
<kw name="Set Variable" library="BuiltIn">
<doc>Returns the given values which can then be assigned to a variables.</doc>
<arguments>
<arg>xpath=//android.widget.CheckBox[contains(@text,'Robot Framework')]</arg>
</arguments>
<assign>
<var>${element}</var>
</assign>
<msg timestamp="20200731 15:26:47.108" level="INFO">${element} = xpath=//android.widget.CheckBox[contains(@text,'Robot Framework')]</msg>
<status status="PASS" starttime="20200731 15:26:47.108" endtime="20200731 15:26:47.108"></status>
</kw>
<kw name="Click Element" library="AppiumLibrary">
<doc>Click element identified by `locator`.</doc>
<arguments>
<arg>${element}</arg>
</arguments>
<msg timestamp="20200731 15:26:47.110" level="INFO">Clicking element 'xpath=//android.widget.CheckBox[contains(@text,'Robot Framework')]'.</msg>
<status status="PASS" starttime="20200731 15:26:47.109" endtime="20200731 15:26:47.228"></status>
</kw>
<kw name="Wait Until Element Is Visible" library="AppiumLibrary">
<doc>Waits until element specified with `locator` is visible.</doc>
<arguments>
<arg>id=io.qaninja.android.twp:id/rvContainer</arg>
</arguments>
<status status="PASS" starttime="20200731 15:26:47.228" endtime="20200731 15:26:48.188"></status>
</kw>
<kw name="Element Attribute Should Match" library="AppiumLibrary">
<doc>Verify that an attribute of an element matches the expected criteria.</doc>
<arguments>
<arg>${element}</arg>
<arg>checked</arg>
<arg>true</arg>
</arguments>
<msg timestamp="20200731 15:26:48.311" level="INFO">Element 'xpath=//android.widget.CheckBox[contains(@text,'Robot Framework')]' attribute 'checked' is 'true' </msg>
<status status="PASS" starttime="20200731 15:26:48.188" endtime="20200731 15:26:48.312"></status>
</kw>
<kw name="Close Session" library="base" type="teardown">
<kw name="Capture Page Screenshot" library="AppiumLibrary">
<doc>Takes a screenshot of the current page and embeds it into the log.</doc>
<msg timestamp="20200731 15:26:48.734" level="INFO" html="yes">&lt;/td&gt;&lt;/tr&gt;&lt;tr&gt;&lt;td colspan="3"&gt;&lt;a href="appium-screenshot-3.png"&gt;&lt;img src="appium-screenshot-3.png" width="800px"&gt;&lt;/a&gt;</msg>
<status status="PASS" starttime="20200731 15:26:48.313" endtime="20200731 15:26:48.734"></status>
</kw>
<kw name="Close Application" library="AppiumLibrary">
<doc>Closes the current application and also close webdriver session.</doc>
<status status="PASS" starttime="20200731 15:26:48.734" endtime="20200731 15:26:49.556"></status>
</kw>
<status status="PASS" starttime="20200731 15:26:48.312" endtime="20200731 15:26:49.556"></status>
</kw>
<status status="PASS" starttime="20200731 15:26:27.268" endtime="20200731 15:26:49.557" critical="yes"></status>
</test>
<status status="PASS" starttime="20200731 15:26:27.257" endtime="20200731 15:26:49.559"></status>
</suite>
<suite id="s1-s3" name="Drag-And-Drop" source="C:\qaninja\twp\tests\drag-and-drop.robot">
<test id="s1-s3-t1" name="Deve mover o Hulk para o topo da lista">
<kw name="Open Session" library="base" type="setup">
<kw name="Set Appium Timeout" library="AppiumLibrary">
<doc>Sets the timeout in seconds used by various keywords.</doc>
<arguments>
<arg>5</arg>
</arguments>
<status status="PASS" starttime="20200731 15:26:49.575" endtime="20200731 15:26:49.576"></status>
</kw>
<kw name="Open Application" library="AppiumLibrary">
<doc>Opens a new application to given Appium server.
Capabilities of appium server, Android and iOS,
Please check https://github.com/appium/appium/blob/master/docs/en/writing-running-appium/server-args.md
| *Option*            | *Man.* | *Description*     |
| remote_url          | Yes    | Appium server url |
| alias               | no     | alias             |</doc>
<arguments>
<arg>http://127.0.0.1:4723/wd/hub</arg>
<arg>automationName=UiAutomator2</arg>
<arg>platformName=Android</arg>
<arg>deviceName=Emulator</arg>
<arg>app=${EXECDIR}/app/twp.apk</arg>
<arg>udid=emulator-5554</arg>
</arguments>
<status status="PASS" starttime="20200731 15:26:49.576" endtime="20200731 15:27:00.722"></status>
</kw>
<kw name="Get Started" library="helpers">
<kw name="Wait Until Page Contains" library="AppiumLibrary">
<doc>Waits until `text` appears on current page.</doc>
<arguments>
<arg>${START}</arg>
</arguments>
<status status="PASS" starttime="20200731 15:27:00.723" endtime="20200731 15:27:04.278"></status>
</kw>
<kw name="Click Text" library="AppiumLibrary">
<doc>Click text identified by ``text``.</doc>
<arguments>
<arg>${START}</arg>
</arguments>
<status status="PASS" starttime="20200731 15:27:04.278" endtime="20200731 15:27:04.608"></status>
</kw>
<status status="PASS" starttime="20200731 15:27:00.722" endtime="20200731 15:27:04.609"></status>
</kw>
<status status="PASS" starttime="20200731 15:26:49.575" endtime="20200731 15:27:04.609"></status>
</kw>
<kw name="Go To Avangers List" library="helpers">
<kw name="Navigate To Menu" library="helpers">
<kw name="Wait Until Element Is Visible" library="AppiumLibrary">
<doc>Waits until element specified with `locator` is visible.</doc>
<arguments>
<arg>${NAVIGATE_TO_MENU}</arg>
</arguments>
<status status="PASS" starttime="20200731 15:27:04.610" endtime="20200731 15:27:05.925"></status>
</kw>
<kw name="Click Element" library="AppiumLibrary">
<doc>Click element identified by `locator`.</doc>
<arguments>
<arg>${NAVIGATE_TO_MENU}</arg>
</arguments>
<msg timestamp="20200731 15:27:05.927" level="INFO">Clicking element 'xpath=//android.widget.ImageButton[@content-desc="Open navigation drawer"]'.</msg>
<status status="PASS" starttime="20200731 15:27:05.925" endtime="20200731 15:27:06.090"></status>
</kw>
<kw name="Wait Until Element Is Visible" library="AppiumLibrary">
<doc>Waits until element specified with `locator` is visible.</doc>
<arguments>
<arg>id=io.qaninja.android.twp:id/navView</arg>
</arguments>
<status status="PASS" starttime="20200731 15:27:06.090" endtime="20200731 15:27:07.150"></status>
</kw>
<status status="PASS" starttime="20200731 15:27:04.610" endtime="20200731 15:27:07.150"></status>
</kw>
<kw name="Click Text" library="AppiumLibrary">
<doc>Click text identified by ``text``.</doc>
<arguments>
<arg>AVENGERS</arg>
</arguments>
<status status="PASS" starttime="20200731 15:27:07.151" endtime="20200731 15:27:08.127"></status>
</kw>
<kw name="Wait Until Page Contains" library="AppiumLibrary">
<doc>Waits until `text` appears on current page.</doc>
<arguments>
<arg>AVENGERS</arg>
</arguments>
<status status="PASS" starttime="20200731 15:27:08.128" endtime="20200731 15:27:08.784"></status>
</kw>
<kw name="Click Text" library="AppiumLibrary">
<doc>Click text identified by ``text``.</doc>
<arguments>
<arg>LISTA</arg>
</arguments>
<status status="PASS" starttime="20200731 15:27:08.785" endtime="20200731 15:27:09.260"></status>
</kw>
<kw name="Wait Until Page Contains" library="AppiumLibrary">
<doc>Waits until `text` appears on current page.</doc>
<arguments>
<arg>LISTA</arg>
</arguments>
<status status="PASS" starttime="20200731 15:27:09.261" endtime="20200731 15:27:10.560"></status>
</kw>
<status status="PASS" starttime="20200731 15:27:04.609" endtime="20200731 15:27:10.561"></status>
</kw>
<kw name="Drag And Drop" library="extend">
<arguments>
<arg>io.qaninja.android.twp:id/drag_handle</arg>
<arg>3</arg>
<arg>0</arg>
</arguments>
<status status="PASS" starttime="20200731 15:27:10.561" endtime="20200731 15:27:21.818"></status>
</kw>
<kw name="Sleep" library="BuiltIn">
<doc>Pauses the test executed for the given time.</doc>
<arguments>
<arg>5</arg>
</arguments>
<msg timestamp="20200731 15:27:26.819" level="INFO">Slept 5 seconds</msg>
<status status="PASS" starttime="20200731 15:27:21.818" endtime="20200731 15:27:26.819"></status>
</kw>
<kw name="Close Session" library="base" type="teardown">
<kw name="Capture Page Screenshot" library="AppiumLibrary">
<doc>Takes a screenshot of the current page and embeds it into the log.</doc>
<msg timestamp="20200731 15:27:27.423" level="INFO" html="yes">&lt;/td&gt;&lt;/tr&gt;&lt;tr&gt;&lt;td colspan="3"&gt;&lt;a href="appium-screenshot-4.png"&gt;&lt;img src="appium-screenshot-4.png" width="800px"&gt;&lt;/a&gt;</msg>
<status status="PASS" starttime="20200731 15:27:26.820" endtime="20200731 15:27:27.424"></status>
</kw>
<kw name="Close Application" library="AppiumLibrary">
<doc>Closes the current application and also close webdriver session.</doc>
<status status="PASS" starttime="20200731 15:27:27.424" endtime="20200731 15:27:28.600"></status>
</kw>
<status status="PASS" starttime="20200731 15:27:26.820" endtime="20200731 15:27:28.602"></status>
</kw>
<status status="PASS" starttime="20200731 15:26:49.574" endtime="20200731 15:27:28.603" critical="yes"></status>
</test>
<status status="PASS" starttime="20200731 15:26:49.563" endtime="20200731 15:27:28.605"></status>
</suite>
<suite id="s1-s4" name="Home" source="C:\qaninja\twp\tests\home.robot">
<test id="s1-s4-t1" name="Deve abrir a tela principal">
<kw name="Open Application" library="AppiumLibrary">
<doc>Opens a new application to given Appium server.
Capabilities of appium server, Android and iOS,
Please check https://github.com/appium/appium/blob/master/docs/en/writing-running-appium/server-args.md
| *Option*            | *Man.* | *Description*     |
| remote_url          | Yes    | Appium server url |
| alias               | no     | alias             |</doc>
<arguments>
<arg>http://127.0.0.1:4723/wd/hub</arg>
<arg>automationName=UiAutomator2</arg>
<arg>platformName=Android</arg>
<arg>deviceName=Emulator</arg>
<arg>app=${EXECDIR}/app/twp.apk</arg>
<arg>udid=emulator-5554</arg>
</arguments>
<status status="PASS" starttime="20200731 15:27:28.614" endtime="20200731 15:27:39.755"></status>
</kw>
<kw name="Wait Until Page Contains" library="AppiumLibrary">
<doc>Waits until `text` appears on current page.</doc>
<arguments>
<arg>Training Wheels Protocol</arg>
<arg>5</arg>
</arguments>
<status status="PASS" starttime="20200731 15:27:39.757" endtime="20200731 15:27:43.665"></status>
</kw>
<kw name="Wait Until Page Contains" library="AppiumLibrary">
<doc>Waits until `text` appears on current page.</doc>
<arguments>
<arg>Mobile Version</arg>
</arguments>
<status status="PASS" starttime="20200731 15:27:43.666" endtime="20200731 15:27:43.864"></status>
</kw>
<kw name="Close Application" library="AppiumLibrary">
<doc>Closes the current application and also close webdriver session.</doc>
<status status="PASS" starttime="20200731 15:27:43.870" endtime="20200731 15:27:44.872"></status>
</kw>
<status status="PASS" starttime="20200731 15:27:28.613" endtime="20200731 15:27:44.873" critical="yes"></status>
</test>
<status status="PASS" starttime="20200731 15:27:28.608" endtime="20200731 15:27:44.875"></status>
</suite>
<suite id="s1-s5" name="Login" source="C:\qaninja\twp\tests\login.robot">
<test id="s1-s5-t1" name="Deve logar com sucesso">
<kw name="Open Session" library="base" type="setup">
<kw name="Set Appium Timeout" library="AppiumLibrary">
<doc>Sets the timeout in seconds used by various keywords.</doc>
<arguments>
<arg>5</arg>
</arguments>
<status status="PASS" starttime="20200731 15:27:44.893" endtime="20200731 15:27:44.893"></status>
</kw>
<kw name="Open Application" library="AppiumLibrary">
<doc>Opens a new application to given Appium server.
Capabilities of appium server, Android and iOS,
Please check https://github.com/appium/appium/blob/master/docs/en/writing-running-appium/server-args.md
| *Option*            | *Man.* | *Description*     |
| remote_url          | Yes    | Appium server url |
| alias               | no     | alias             |</doc>
<arguments>
<arg>http://127.0.0.1:4723/wd/hub</arg>
<arg>automationName=UiAutomator2</arg>
<arg>platformName=Android</arg>
<arg>deviceName=Emulator</arg>
<arg>app=${EXECDIR}/app/twp.apk</arg>
<arg>udid=emulator-5554</arg>
</arguments>
<status status="PASS" starttime="20200731 15:27:44.893" endtime="20200731 15:27:56.596"></status>
</kw>
<kw name="Get Started" library="helpers">
<kw name="Wait Until Page Contains" library="AppiumLibrary">
<doc>Waits until `text` appears on current page.</doc>
<arguments>
<arg>${START}</arg>
</arguments>
<status status="PASS" starttime="20200731 15:27:56.597" endtime="20200731 15:28:00.320"></status>
</kw>
<kw name="Click Text" library="AppiumLibrary">
<doc>Click text identified by ``text``.</doc>
<arguments>
<arg>${START}</arg>
</arguments>
<status status="PASS" starttime="20200731 15:28:00.320" endtime="20200731 15:28:01.160"></status>
</kw>
<status status="PASS" starttime="20200731 15:27:56.597" endtime="20200731 15:28:01.160"></status>
</kw>
<status status="PASS" starttime="20200731 15:27:44.892" endtime="20200731 15:28:01.160"></status>
</kw>
<kw name="Go To Login Form" library="helpers">
<kw name="Navigate To Menu" library="helpers">
<kw name="Wait Until Element Is Visible" library="AppiumLibrary">
<doc>Waits until element specified with `locator` is visible.</doc>
<arguments>
<arg>${NAVIGATE_TO_MENU}</arg>
</arguments>
<status status="PASS" starttime="20200731 15:28:01.162" endtime="20200731 15:28:02.482"></status>
</kw>
<kw name="Click Element" library="AppiumLibrary">
<doc>Click element identified by `locator`.</doc>
<arguments>
<arg>${NAVIGATE_TO_MENU}</arg>
</arguments>
<msg timestamp="20200731 15:28:02.483" level="INFO">Clicking element 'xpath=//android.widget.ImageButton[@content-desc="Open navigation drawer"]'.</msg>
<status status="PASS" starttime="20200731 15:28:02.482" endtime="20200731 15:28:02.656"></status>
</kw>
<kw name="Wait Until Element Is Visible" library="AppiumLibrary">
<doc>Waits until element specified with `locator` is visible.</doc>
<arguments>
<arg>id=io.qaninja.android.twp:id/navView</arg>
</arguments>
<status status="PASS" starttime="20200731 15:28:02.656" endtime="20200731 15:28:03.698"></status>
</kw>
<status status="PASS" starttime="20200731 15:28:01.161" endtime="20200731 15:28:03.698"></status>
</kw>
<kw name="Click Text" library="AppiumLibrary">
<doc>Click text identified by ``text``.</doc>
<arguments>
<arg>FORMS</arg>
</arguments>
<status status="PASS" starttime="20200731 15:28:03.698" endtime="20200731 15:28:04.047"></status>
</kw>
<kw name="Wait Until Page Contains" library="AppiumLibrary">
<doc>Waits until `text` appears on current page.</doc>
<arguments>
<arg>FORMS</arg>
</arguments>
<status status="PASS" starttime="20200731 15:28:04.048" endtime="20200731 15:28:04.673"></status>
</kw>
<kw name="Click Text" library="AppiumLibrary">
<doc>Click text identified by ``text``.</doc>
<arguments>
<arg>LOGIN</arg>
</arguments>
<status status="PASS" starttime="20200731 15:28:04.673" endtime="20200731 15:28:05.187"></status>
</kw>
<kw name="Wait Until Page Contains" library="AppiumLibrary">
<doc>Waits until `text` appears on current page.</doc>
<arguments>
<arg>Fala QA, vamos testar o login?</arg>
</arguments>
<status status="PASS" starttime="20200731 15:28:05.187" endtime="20200731 15:28:06.288"></status>
</kw>
<status status="PASS" starttime="20200731 15:28:01.161" endtime="20200731 15:28:06.289"></status>
</kw>
<kw name="Input Text" library="AppiumLibrary">
<doc>Types the given `text` into text field identified by `locator`.</doc>
<arguments>
<arg>id=io.qaninja.android.twp:id/etEmail</arg>
<arg>eu@papito.io</arg>
</arguments>
<msg timestamp="20200731 15:28:06.291" level="INFO">Typing text 'eu@papito.io' into text field 'id=io.qaninja.android.twp:id/etEmail'</msg>
<status status="PASS" starttime="20200731 15:28:06.289" endtime="20200731 15:28:06.839"></status>
</kw>
<kw name="Input Text" library="AppiumLibrary">
<doc>Types the given `text` into text field identified by `locator`.</doc>
<arguments>
<arg>id=io.qaninja.android.twp:id/etPassword</arg>
<arg>qaninja</arg>
</arguments>
<msg timestamp="20200731 15:28:06.841" level="INFO">Typing text 'qaninja' into text field 'id=io.qaninja.android.twp:id/etPassword'</msg>
<status status="PASS" starttime="20200731 15:28:06.839" endtime="20200731 15:28:07.909"></status>
</kw>
<kw name="Click Element" library="AppiumLibrary">
<doc>Click element identified by `locator`.</doc>
<arguments>
<arg>id=io.qaninja.android.twp:id/btnSubmit</arg>
</arguments>
<msg timestamp="20200731 15:28:07.912" level="INFO">Clicking element 'id=io.qaninja.android.twp:id/btnSubmit'.</msg>
<status status="PASS" starttime="20200731 15:28:07.910" endtime="20200731 15:28:08.453"></status>
</kw>
<kw name="Wait Until Page Contains" library="AppiumLibrary">
<doc>Waits until `text` appears on current page.</doc>
<arguments>
<arg>Show! Suas credenciais são validas.</arg>
</arguments>
<status status="PASS" starttime="20200731 15:28:08.453" endtime="20200731 15:28:08.620"></status>
</kw>
<kw name="Close Session" library="base" type="teardown">
<kw name="Capture Page Screenshot" library="AppiumLibrary">
<doc>Takes a screenshot of the current page and embeds it into the log.</doc>
<msg timestamp="20200731 15:28:10.586" level="INFO" html="yes">&lt;/td&gt;&lt;/tr&gt;&lt;tr&gt;&lt;td colspan="3"&gt;&lt;a href="appium-screenshot-5.png"&gt;&lt;img src="appium-screenshot-5.png" width="800px"&gt;&lt;/a&gt;</msg>
<status status="PASS" starttime="20200731 15:28:08.621" endtime="20200731 15:28:10.586"></status>
</kw>
<kw name="Close Application" library="AppiumLibrary">
<doc>Closes the current application and also close webdriver session.</doc>
<status status="PASS" starttime="20200731 15:28:10.586" endtime="20200731 15:28:11.655"></status>
</kw>
<status status="PASS" starttime="20200731 15:28:08.621" endtime="20200731 15:28:11.656"></status>
</kw>
<status status="PASS" starttime="20200731 15:27:44.891" endtime="20200731 15:28:11.656" critical="yes"></status>
</test>
<status status="PASS" starttime="20200731 15:27:44.878" endtime="20200731 15:28:11.658"></status>
</suite>
<suite id="s1-s6" name="Nav" source="C:\qaninja\twp\tests\nav.robot">
<test id="s1-s6-t1" name="Deve acessar a tela Dialogs">
<kw name="Open Session" library="base" type="setup">
<kw name="Set Appium Timeout" library="AppiumLibrary">
<doc>Sets the timeout in seconds used by various keywords.</doc>
<arguments>
<arg>5</arg>
</arguments>
<status status="PASS" starttime="20200731 15:28:11.676" endtime="20200731 15:28:11.677"></status>
</kw>
<kw name="Open Application" library="AppiumLibrary">
<doc>Opens a new application to given Appium server.
Capabilities of appium server, Android and iOS,
Please check https://github.com/appium/appium/blob/master/docs/en/writing-running-appium/server-args.md
| *Option*            | *Man.* | *Description*     |
| remote_url          | Yes    | Appium server url |
| alias               | no     | alias             |</doc>
<arguments>
<arg>http://127.0.0.1:4723/wd/hub</arg>
<arg>automationName=UiAutomator2</arg>
<arg>platformName=Android</arg>
<arg>deviceName=Emulator</arg>
<arg>app=${EXECDIR}/app/twp.apk</arg>
<arg>udid=emulator-5554</arg>
</arguments>
<status status="PASS" starttime="20200731 15:28:11.677" endtime="20200731 15:28:23.946"></status>
</kw>
<kw name="Get Started" library="helpers">
<kw name="Wait Until Page Contains" library="AppiumLibrary">
<doc>Waits until `text` appears on current page.</doc>
<arguments>
<arg>${START}</arg>
</arguments>
<status status="PASS" starttime="20200731 15:28:23.947" endtime="20200731 15:28:27.929"></status>
</kw>
<kw name="Click Text" library="AppiumLibrary">
<doc>Click text identified by ``text``.</doc>
<arguments>
<arg>${START}</arg>
</arguments>
<status status="PASS" starttime="20200731 15:28:27.929" endtime="20200731 15:28:28.187"></status>
</kw>
<status status="PASS" starttime="20200731 15:28:23.946" endtime="20200731 15:28:28.188"></status>
</kw>
<status status="PASS" starttime="20200731 15:28:11.676" endtime="20200731 15:28:28.188"></status>
</kw>
<kw name="Navigate To Menu" library="helpers">
<kw name="Wait Until Element Is Visible" library="AppiumLibrary">
<doc>Waits until element specified with `locator` is visible.</doc>
<arguments>
<arg>${NAVIGATE_TO_MENU}</arg>
</arguments>
<status status="PASS" starttime="20200731 15:28:28.189" endtime="20200731 15:28:29.563"></status>
</kw>
<kw name="Click Element" library="AppiumLibrary">
<doc>Click element identified by `locator`.</doc>
<arguments>
<arg>${NAVIGATE_TO_MENU}</arg>
</arguments>
<msg timestamp="20200731 15:28:29.566" level="INFO">Clicking element 'xpath=//android.widget.ImageButton[@content-desc="Open navigation drawer"]'.</msg>
<status status="PASS" starttime="20200731 15:28:29.563" endtime="20200731 15:28:29.740"></status>
</kw>
<kw name="Wait Until Element Is Visible" library="AppiumLibrary">
<doc>Waits until element specified with `locator` is visible.</doc>
<arguments>
<arg>id=io.qaninja.android.twp:id/navView</arg>
</arguments>
<status status="PASS" starttime="20200731 15:28:29.741" endtime="20200731 15:28:30.800"></status>
</kw>
<status status="PASS" starttime="20200731 15:28:28.189" endtime="20200731 15:28:30.800"></status>
</kw>
<kw name="Click Text" library="AppiumLibrary">
<doc>Click text identified by ``text``.</doc>
<arguments>
<arg>DIALOGS</arg>
</arguments>
<status status="PASS" starttime="20200731 15:28:30.801" endtime="20200731 15:28:31.161"></status>
</kw>
<kw name="Wait Until Element Is Visible" library="AppiumLibrary">
<doc>Waits until element specified with `locator` is visible.</doc>
<arguments>
<arg>${TOOLBAR_TITLE}</arg>
</arguments>
<status status="PASS" starttime="20200731 15:28:31.161" endtime="20200731 15:28:32.139"></status>
</kw>
<kw name="Element Text Should Be" library="AppiumLibrary">
<doc>Verifies element identified by ``locator`` exactly contains text ``expected``.</doc>
<arguments>
<arg>${TOOLBAR_TITLE}</arg>
<arg>DIALOGS</arg>
</arguments>
<msg timestamp="20200731 15:28:32.142" level="INFO">Verifying element 'id=io.qaninja.android.twp:id/toolbarTitle' contains exactly text 'DIALOGS'.</msg>
<status status="PASS" starttime="20200731 15:28:32.139" endtime="20200731 15:28:32.183"></status>
</kw>
<kw name="Close Session" library="base" type="teardown">
<kw name="Capture Page Screenshot" library="AppiumLibrary">
<doc>Takes a screenshot of the current page and embeds it into the log.</doc>
<msg timestamp="20200731 15:28:32.860" level="INFO" html="yes">&lt;/td&gt;&lt;/tr&gt;&lt;tr&gt;&lt;td colspan="3"&gt;&lt;a href="appium-screenshot-6.png"&gt;&lt;img src="appium-screenshot-6.png" width="800px"&gt;&lt;/a&gt;</msg>
<status status="PASS" starttime="20200731 15:28:32.184" endtime="20200731 15:28:32.861"></status>
</kw>
<kw name="Close Application" library="AppiumLibrary">
<doc>Closes the current application and also close webdriver session.</doc>
<status status="PASS" starttime="20200731 15:28:32.861" endtime="20200731 15:28:33.774"></status>
</kw>
<status status="PASS" starttime="20200731 15:28:32.183" endtime="20200731 15:28:33.774"></status>
</kw>
<status status="PASS" starttime="20200731 15:28:11.675" endtime="20200731 15:28:33.775" critical="yes"></status>
</test>
<test id="s1-s6-t2" name="Deve acessar a tela Formulários">
<kw name="Open Session" library="base" type="setup">
<kw name="Set Appium Timeout" library="AppiumLibrary">
<doc>Sets the timeout in seconds used by various keywords.</doc>
<arguments>
<arg>5</arg>
</arguments>
<status status="PASS" starttime="20200731 15:28:33.779" endtime="20200731 15:28:33.779"></status>
</kw>
<kw name="Open Application" library="AppiumLibrary">
<doc>Opens a new application to given Appium server.
Capabilities of appium server, Android and iOS,
Please check https://github.com/appium/appium/blob/master/docs/en/writing-running-appium/server-args.md
| *Option*            | *Man.* | *Description*     |
| remote_url          | Yes    | Appium server url |
| alias               | no     | alias             |</doc>
<arguments>
<arg>http://127.0.0.1:4723/wd/hub</arg>
<arg>automationName=UiAutomator2</arg>
<arg>platformName=Android</arg>
<arg>deviceName=Emulator</arg>
<arg>app=${EXECDIR}/app/twp.apk</arg>
<arg>udid=emulator-5554</arg>
</arguments>
<status status="PASS" starttime="20200731 15:28:33.779" endtime="20200731 15:28:46.932"></status>
</kw>
<kw name="Get Started" library="helpers">
<kw name="Wait Until Page Contains" library="AppiumLibrary">
<doc>Waits until `text` appears on current page.</doc>
<arguments>
<arg>${START}</arg>
</arguments>
<status status="PASS" starttime="20200731 15:28:46.934" endtime="20200731 15:28:50.926"></status>
</kw>
<kw name="Click Text" library="AppiumLibrary">
<doc>Click text identified by ``text``.</doc>
<arguments>
<arg>${START}</arg>
</arguments>
<status status="PASS" starttime="20200731 15:28:50.926" endtime="20200731 15:28:51.257"></status>
</kw>
<status status="PASS" starttime="20200731 15:28:46.933" endtime="20200731 15:28:51.258"></status>
</kw>
<status status="PASS" starttime="20200731 15:28:33.779" endtime="20200731 15:28:51.258"></status>
</kw>
<kw name="Navigate To Menu" library="helpers">
<kw name="Wait Until Element Is Visible" library="AppiumLibrary">
<doc>Waits until element specified with `locator` is visible.</doc>
<arguments>
<arg>${NAVIGATE_TO_MENU}</arg>
</arguments>
<status status="PASS" starttime="20200731 15:28:51.259" endtime="20200731 15:28:52.615"></status>
</kw>
<kw name="Click Element" library="AppiumLibrary">
<doc>Click element identified by `locator`.</doc>
<arguments>
<arg>${NAVIGATE_TO_MENU}</arg>
</arguments>
<msg timestamp="20200731 15:28:52.616" level="INFO">Clicking element 'xpath=//android.widget.ImageButton[@content-desc="Open navigation drawer"]'.</msg>
<status status="PASS" starttime="20200731 15:28:52.615" endtime="20200731 15:28:52.773"></status>
</kw>
<kw name="Wait Until Element Is Visible" library="AppiumLibrary">
<doc>Waits until element specified with `locator` is visible.</doc>
<arguments>
<arg>id=io.qaninja.android.twp:id/navView</arg>
</arguments>
<status status="PASS" starttime="20200731 15:28:52.774" endtime="20200731 15:28:53.857"></status>
</kw>
<status status="PASS" starttime="20200731 15:28:51.258" endtime="20200731 15:28:53.857"></status>
</kw>
<kw name="Click Text" library="AppiumLibrary">
<doc>Click text identified by ``text``.</doc>
<arguments>
<arg>FORMS</arg>
</arguments>
<status status="PASS" starttime="20200731 15:28:53.858" endtime="20200731 15:28:54.126"></status>
</kw>
<kw name="Wait Until Element Is Visible" library="AppiumLibrary">
<doc>Waits until element specified with `locator` is visible.</doc>
<arguments>
<arg>${TOOLBAR_TITLE}</arg>
</arguments>
<status status="PASS" starttime="20200731 15:28:54.126" endtime="20200731 15:28:55.122"></status>
</kw>
<kw name="Element Text Should Be" library="AppiumLibrary">
<doc>Verifies element identified by ``locator`` exactly contains text ``expected``.</doc>
<arguments>
<arg>${TOOLBAR_TITLE}</arg>
<arg>FORMS</arg>
</arguments>
<msg timestamp="20200731 15:28:55.124" level="INFO">Verifying element 'id=io.qaninja.android.twp:id/toolbarTitle' contains exactly text 'FORMS'.</msg>
<status status="PASS" starttime="20200731 15:28:55.123" endtime="20200731 15:28:55.166"></status>
</kw>
<kw name="Close Session" library="base" type="teardown">
<kw name="Capture Page Screenshot" library="AppiumLibrary">
<doc>Takes a screenshot of the current page and embeds it into the log.</doc>
<msg timestamp="20200731 15:28:56.072" level="INFO" html="yes">&lt;/td&gt;&lt;/tr&gt;&lt;tr&gt;&lt;td colspan="3"&gt;&lt;a href="appium-screenshot-7.png"&gt;&lt;img src="appium-screenshot-7.png" width="800px"&gt;&lt;/a&gt;</msg>
<status status="PASS" starttime="20200731 15:28:55.167" endtime="20200731 15:28:56.072"></status>
</kw>
<kw name="Close Application" library="AppiumLibrary">
<doc>Closes the current application and also close webdriver session.</doc>
<status status="PASS" starttime="20200731 15:28:56.072" endtime="20200731 15:28:57.011"></status>
</kw>
<status status="PASS" starttime="20200731 15:28:55.166" endtime="20200731 15:28:57.012"></status>
</kw>
<status status="PASS" starttime="20200731 15:28:33.777" endtime="20200731 15:28:57.012" critical="yes"></status>
</test>
<test id="s1-s6-t3" name="Deve acessar a tela Avangers">
<kw name="Open Session" library="base" type="setup">
<kw name="Set Appium Timeout" library="AppiumLibrary">
<doc>Sets the timeout in seconds used by various keywords.</doc>
<arguments>
<arg>5</arg>
</arguments>
<status status="PASS" starttime="20200731 15:28:57.016" endtime="20200731 15:28:57.016"></status>
</kw>
<kw name="Open Application" library="AppiumLibrary">
<doc>Opens a new application to given Appium server.
Capabilities of appium server, Android and iOS,
Please check https://github.com/appium/appium/blob/master/docs/en/writing-running-appium/server-args.md
| *Option*            | *Man.* | *Description*     |
| remote_url          | Yes    | Appium server url |
| alias               | no     | alias             |</doc>
<arguments>
<arg>http://127.0.0.1:4723/wd/hub</arg>
<arg>automationName=UiAutomator2</arg>
<arg>platformName=Android</arg>
<arg>deviceName=Emulator</arg>
<arg>app=${EXECDIR}/app/twp.apk</arg>
<arg>udid=emulator-5554</arg>
</arguments>
<status status="PASS" starttime="20200731 15:28:57.016" endtime="20200731 15:29:08.975"></status>
</kw>
<kw name="Get Started" library="helpers">
<kw name="Wait Until Page Contains" library="AppiumLibrary">
<doc>Waits until `text` appears on current page.</doc>
<arguments>
<arg>${START}</arg>
</arguments>
<status status="PASS" starttime="20200731 15:29:08.976" endtime="20200731 15:29:12.853"></status>
</kw>
<kw name="Click Text" library="AppiumLibrary">
<doc>Click text identified by ``text``.</doc>
<arguments>
<arg>${START}</arg>
</arguments>
<status status="PASS" starttime="20200731 15:29:12.853" endtime="20200731 15:29:13.169"></status>
</kw>
<status status="PASS" starttime="20200731 15:29:08.975" endtime="20200731 15:29:13.170"></status>
</kw>
<status status="PASS" starttime="20200731 15:28:57.015" endtime="20200731 15:29:13.170"></status>
</kw>
<kw name="Navigate To Menu" library="helpers">
<kw name="Wait Until Element Is Visible" library="AppiumLibrary">
<doc>Waits until element specified with `locator` is visible.</doc>
<arguments>
<arg>${NAVIGATE_TO_MENU}</arg>
</arguments>
<status status="PASS" starttime="20200731 15:29:13.171" endtime="20200731 15:29:14.520"></status>
</kw>
<kw name="Click Element" library="AppiumLibrary">
<doc>Click element identified by `locator`.</doc>
<arguments>
<arg>${NAVIGATE_TO_MENU}</arg>
</arguments>
<msg timestamp="20200731 15:29:14.521" level="INFO">Clicking element 'xpath=//android.widget.ImageButton[@content-desc="Open navigation drawer"]'.</msg>
<status status="PASS" starttime="20200731 15:29:14.520" endtime="20200731 15:29:14.685"></status>
</kw>
<kw name="Wait Until Element Is Visible" library="AppiumLibrary">
<doc>Waits until element specified with `locator` is visible.</doc>
<arguments>
<arg>id=io.qaninja.android.twp:id/navView</arg>
</arguments>
<status status="PASS" starttime="20200731 15:29:14.686" endtime="20200731 15:29:15.818"></status>
</kw>
<status status="PASS" starttime="20200731 15:29:13.170" endtime="20200731 15:29:15.818"></status>
</kw>
<kw name="Click Text" library="AppiumLibrary">
<doc>Click text identified by ``text``.</doc>
<arguments>
<arg>AVENGERS</arg>
</arguments>
<status status="PASS" starttime="20200731 15:29:15.819" endtime="20200731 15:29:16.310"></status>
</kw>
<kw name="Wait Until Element Is Visible" library="AppiumLibrary">
<doc>Waits until element specified with `locator` is visible.</doc>
<arguments>
<arg>${TOOLBAR_TITLE}</arg>
</arguments>
<status status="PASS" starttime="20200731 15:29:16.312" endtime="20200731 15:29:17.324"></status>
</kw>
<kw name="Element Text Should Be" library="AppiumLibrary">
<doc>Verifies element identified by ``locator`` exactly contains text ``expected``.</doc>
<arguments>
<arg>${TOOLBAR_TITLE}</arg>
<arg>AVENGERS</arg>
</arguments>
<msg timestamp="20200731 15:29:17.327" level="INFO">Verifying element 'id=io.qaninja.android.twp:id/toolbarTitle' contains exactly text 'AVENGERS'.</msg>
<status status="PASS" starttime="20200731 15:29:17.325" endtime="20200731 15:29:17.361"></status>
</kw>
<kw name="Close Session" library="base" type="teardown">
<kw name="Capture Page Screenshot" library="AppiumLibrary">
<doc>Takes a screenshot of the current page and embeds it into the log.</doc>
<msg timestamp="20200731 15:29:18.295" level="INFO" html="yes">&lt;/td&gt;&lt;/tr&gt;&lt;tr&gt;&lt;td colspan="3"&gt;&lt;a href="appium-screenshot-8.png"&gt;&lt;img src="appium-screenshot-8.png" width="800px"&gt;&lt;/a&gt;</msg>
<status status="PASS" starttime="20200731 15:29:17.362" endtime="20200731 15:29:18.295"></status>
</kw>
<kw name="Close Application" library="AppiumLibrary">
<doc>Closes the current application and also close webdriver session.</doc>
<status status="PASS" starttime="20200731 15:29:18.295" endtime="20200731 15:29:19.326"></status>
</kw>
<status status="PASS" starttime="20200731 15:29:17.362" endtime="20200731 15:29:19.326"></status>
</kw>
<status status="PASS" starttime="20200731 15:28:57.014" endtime="20200731 15:29:19.328" critical="yes"></status>
</test>
<status status="PASS" starttime="20200731 15:28:11.663" endtime="20200731 15:29:19.331"></status>
</suite>
<suite id="s1-s7" name="Radio" source="C:\qaninja\twp\tests\radio.robot">
<test id="s1-s7-t1" name="Deve selecionar a opção Python">
<kw name="Open Session" library="base" type="setup">
<kw name="Set Appium Timeout" library="AppiumLibrary">
<doc>Sets the timeout in seconds used by various keywords.</doc>
<arguments>
<arg>5</arg>
</arguments>
<status status="PASS" starttime="20200731 15:29:19.355" endtime="20200731 15:29:19.355"></status>
</kw>
<kw name="Open Application" library="AppiumLibrary">
<doc>Opens a new application to given Appium server.
Capabilities of appium server, Android and iOS,
Please check https://github.com/appium/appium/blob/master/docs/en/writing-running-appium/server-args.md
| *Option*            | *Man.* | *Description*     |
| remote_url          | Yes    | Appium server url |
| alias               | no     | alias             |</doc>
<arguments>
<arg>http://127.0.0.1:4723/wd/hub</arg>
<arg>automationName=UiAutomator2</arg>
<arg>platformName=Android</arg>
<arg>deviceName=Emulator</arg>
<arg>app=${EXECDIR}/app/twp.apk</arg>
<arg>udid=emulator-5554</arg>
</arguments>
<status status="PASS" starttime="20200731 15:29:19.356" endtime="20200731 15:29:31.153"></status>
</kw>
<kw name="Get Started" library="helpers">
<kw name="Wait Until Page Contains" library="AppiumLibrary">
<doc>Waits until `text` appears on current page.</doc>
<arguments>
<arg>${START}</arg>
</arguments>
<status status="PASS" starttime="20200731 15:29:31.154" endtime="20200731 15:29:35.319"></status>
</kw>
<kw name="Click Text" library="AppiumLibrary">
<doc>Click text identified by ``text``.</doc>
<arguments>
<arg>${START}</arg>
</arguments>
<status status="PASS" starttime="20200731 15:29:35.319" endtime="20200731 15:29:35.592"></status>
</kw>
<status status="PASS" starttime="20200731 15:29:31.154" endtime="20200731 15:29:35.593"></status>
</kw>
<status status="PASS" starttime="20200731 15:29:19.354" endtime="20200731 15:29:35.593"></status>
</kw>
<kw name="Go To Radion Buttons" library="helpers">
<kw name="Navigate To Menu" library="helpers">
<kw name="Wait Until Element Is Visible" library="AppiumLibrary">
<doc>Waits until element specified with `locator` is visible.</doc>
<arguments>
<arg>${NAVIGATE_TO_MENU}</arg>
</arguments>
<status status="PASS" starttime="20200731 15:29:35.594" endtime="20200731 15:29:37.047"></status>
</kw>
<kw name="Click Element" library="AppiumLibrary">
<doc>Click element identified by `locator`.</doc>
<arguments>
<arg>${NAVIGATE_TO_MENU}</arg>
</arguments>
<msg timestamp="20200731 15:29:37.048" level="INFO">Clicking element 'xpath=//android.widget.ImageButton[@content-desc="Open navigation drawer"]'.</msg>
<status status="PASS" starttime="20200731 15:29:37.047" endtime="20200731 15:29:37.305"></status>
</kw>
<kw name="Wait Until Element Is Visible" library="AppiumLibrary">
<doc>Waits until element specified with `locator` is visible.</doc>
<arguments>
<arg>id=io.qaninja.android.twp:id/navView</arg>
</arguments>
<status status="PASS" starttime="20200731 15:29:37.305" endtime="20200731 15:29:38.420"></status>
</kw>
<status status="PASS" starttime="20200731 15:29:35.594" endtime="20200731 15:29:38.421"></status>
</kw>
<kw name="Click Text" library="AppiumLibrary">
<doc>Click text identified by ``text``.</doc>
<arguments>
<arg>INPUTS</arg>
</arguments>
<status status="PASS" starttime="20200731 15:29:38.421" endtime="20200731 15:29:38.819"></status>
</kw>
<kw name="Wait Until Page Contains" library="AppiumLibrary">
<doc>Waits until `text` appears on current page.</doc>
<arguments>
<arg>INPUTS</arg>
</arguments>
<status status="PASS" starttime="20200731 15:29:38.820" endtime="20200731 15:29:39.424"></status>
</kw>
<kw name="Click Text" library="AppiumLibrary">
<doc>Click text identified by ``text``.</doc>
<arguments>
<arg>BOTÕES DE RADIO</arg>
</arguments>
<status status="PASS" starttime="20200731 15:29:39.425" endtime="20200731 15:29:39.970"></status>
</kw>
<kw name="Wait Until Page Contains" library="AppiumLibrary">
<doc>Waits until `text` appears on current page.</doc>
<arguments>
<arg>Escolha sua linguagem preferida</arg>
</arguments>
<status status="PASS" starttime="20200731 15:29:39.970" endtime="20200731 15:29:41.031"></status>
</kw>
<status status="PASS" starttime="20200731 15:29:35.593" endtime="20200731 15:29:41.031"></status>
</kw>
<kw name="Set Variable" library="BuiltIn">
<doc>Returns the given values which can then be assigned to a variables.</doc>
<arguments>
<arg>xpath=//android.widget.RadioButton[contains(@text,'Python')]</arg>
</arguments>
<assign>
<var>${element}</var>
</assign>
<msg timestamp="20200731 15:29:41.032" level="INFO">${element} = xpath=//android.widget.RadioButton[contains(@text,'Python')]</msg>
<status status="PASS" starttime="20200731 15:29:41.032" endtime="20200731 15:29:41.032"></status>
</kw>
<kw name="Click Element" library="AppiumLibrary">
<doc>Click element identified by `locator`.</doc>
<arguments>
<arg>${element}</arg>
</arguments>
<msg timestamp="20200731 15:29:41.034" level="INFO">Clicking element 'xpath=//android.widget.RadioButton[contains(@text,'Python')]'.</msg>
<status status="PASS" starttime="20200731 15:29:41.033" endtime="20200731 15:29:41.179"></status>
</kw>
<kw name="Wait Until Element Is Visible" library="AppiumLibrary">
<doc>Waits until element specified with `locator` is visible.</doc>
<arguments>
<arg>${element}</arg>
</arguments>
<status status="PASS" starttime="20200731 15:29:41.180" endtime="20200731 15:29:41.797"></status>
</kw>
<kw name="Element Attribute Should Match" library="AppiumLibrary">
<doc>Verify that an attribute of an element matches the expected criteria.</doc>
<arguments>
<arg>${element}</arg>
<arg>checked</arg>
<arg>true</arg>
</arguments>
<msg timestamp="20200731 15:29:41.938" level="INFO">Element 'xpath=//android.widget.RadioButton[contains(@text,'Python')]' attribute 'checked' is 'true' </msg>
<status status="PASS" starttime="20200731 15:29:41.797" endtime="20200731 15:29:41.938"></status>
</kw>
<kw name="Close Session" library="base" type="teardown">
<kw name="Capture Page Screenshot" library="AppiumLibrary">
<doc>Takes a screenshot of the current page and embeds it into the log.</doc>
<msg timestamp="20200731 15:29:42.485" level="INFO" html="yes">&lt;/td&gt;&lt;/tr&gt;&lt;tr&gt;&lt;td colspan="3"&gt;&lt;a href="appium-screenshot-9.png"&gt;&lt;img src="appium-screenshot-9.png" width="800px"&gt;&lt;/a&gt;</msg>
<status status="PASS" starttime="20200731 15:29:41.939" endtime="20200731 15:29:42.485"></status>
</kw>
<kw name="Close Application" library="AppiumLibrary">
<doc>Closes the current application and also close webdriver session.</doc>
<status status="PASS" starttime="20200731 15:29:42.485" endtime="20200731 15:29:43.559"></status>
</kw>
<status status="PASS" starttime="20200731 15:29:41.938" endtime="20200731 15:29:43.559"></status>
</kw>
<status status="PASS" starttime="20200731 15:29:19.353" endtime="20200731 15:29:43.560" critical="yes"></status>
</test>
<status status="PASS" starttime="20200731 15:29:19.335" endtime="20200731 15:29:43.562"></status>
</suite>
<suite id="s1-s8" name="Spinner" source="C:\qaninja\twp\tests\spinner.robot">
<test id="s1-s8-t1" name="Deve selecionar o perfil QA">
<kw name="Open Session" library="base" type="setup">
<kw name="Set Appium Timeout" library="AppiumLibrary">
<doc>Sets the timeout in seconds used by various keywords.</doc>
<arguments>
<arg>5</arg>
</arguments>
<status status="PASS" starttime="20200731 15:29:43.585" endtime="20200731 15:29:43.586"></status>
</kw>
<kw name="Open Application" library="AppiumLibrary">
<doc>Opens a new application to given Appium server.
Capabilities of appium server, Android and iOS,
Please check https://github.com/appium/appium/blob/master/docs/en/writing-running-appium/server-args.md
| *Option*            | *Man.* | *Description*     |
| remote_url          | Yes    | Appium server url |
| alias               | no     | alias             |</doc>
<arguments>
<arg>http://127.0.0.1:4723/wd/hub</arg>
<arg>automationName=UiAutomator2</arg>
<arg>platformName=Android</arg>
<arg>deviceName=Emulator</arg>
<arg>app=${EXECDIR}/app/twp.apk</arg>
<arg>udid=emulator-5554</arg>
</arguments>
<status status="PASS" starttime="20200731 15:29:43.586" endtime="20200731 15:29:56.357"></status>
</kw>
<kw name="Get Started" library="helpers">
<kw name="Wait Until Page Contains" library="AppiumLibrary">
<doc>Waits until `text` appears on current page.</doc>
<arguments>
<arg>${START}</arg>
</arguments>
<status status="PASS" starttime="20200731 15:29:56.358" endtime="20200731 15:30:00.626"></status>
</kw>
<kw name="Click Text" library="AppiumLibrary">
<doc>Click text identified by ``text``.</doc>
<arguments>
<arg>${START}</arg>
</arguments>
<status status="PASS" starttime="20200731 15:30:00.626" endtime="20200731 15:30:01.317"></status>
</kw>
<status status="PASS" starttime="20200731 15:29:56.357" endtime="20200731 15:30:01.317"></status>
</kw>
<status status="PASS" starttime="20200731 15:29:43.585" endtime="20200731 15:30:01.317"></status>
</kw>
<kw name="Go To SingUp Form" library="helpers">
<kw name="Navigate To Menu" library="helpers">
<kw name="Wait Until Element Is Visible" library="AppiumLibrary">
<doc>Waits until element specified with `locator` is visible.</doc>
<arguments>
<arg>${NAVIGATE_TO_MENU}</arg>
</arguments>
<status status="PASS" starttime="20200731 15:30:01.318" endtime="20200731 15:30:02.633"></status>
</kw>
<kw name="Click Element" library="AppiumLibrary">
<doc>Click element identified by `locator`.</doc>
<arguments>
<arg>${NAVIGATE_TO_MENU}</arg>
</arguments>
<msg timestamp="20200731 15:30:02.634" level="INFO">Clicking element 'xpath=//android.widget.ImageButton[@content-desc="Open navigation drawer"]'.</msg>
<status status="PASS" starttime="20200731 15:30:02.633" endtime="20200731 15:30:02.797"></status>
</kw>
<kw name="Wait Until Element Is Visible" library="AppiumLibrary">
<doc>Waits until element specified with `locator` is visible.</doc>
<arguments>
<arg>id=io.qaninja.android.twp:id/navView</arg>
</arguments>
<status status="PASS" starttime="20200731 15:30:02.797" endtime="20200731 15:30:03.845"></status>
</kw>
<status status="PASS" starttime="20200731 15:30:01.318" endtime="20200731 15:30:03.845"></status>
</kw>
<kw name="Click Text" library="AppiumLibrary">
<doc>Click text identified by ``text``.</doc>
<arguments>
<arg>FORMS</arg>
</arguments>
<status status="PASS" starttime="20200731 15:30:03.845" endtime="20200731 15:30:04.245"></status>
</kw>
<kw name="Wait Until Page Contains" library="AppiumLibrary">
<doc>Waits until `text` appears on current page.</doc>
<arguments>
<arg>FORMS</arg>
</arguments>
<status status="PASS" starttime="20200731 15:30:04.246" endtime="20200731 15:30:04.833"></status>
</kw>
<kw name="Click Text" library="AppiumLibrary">
<doc>Click text identified by ``text``.</doc>
<arguments>
<arg>CADASTRO</arg>
</arguments>
<status status="PASS" starttime="20200731 15:30:04.833" endtime="20200731 15:30:05.301"></status>
</kw>
<kw name="Wait Until Page Contains" library="AppiumLibrary">
<doc>Waits until `text` appears on current page.</doc>
<arguments>
<arg>Bem-vindo, crie sua conta.</arg>
</arguments>
<status status="PASS" starttime="20200731 15:30:05.301" endtime="20200731 15:30:06.512"></status>
</kw>
<status status="PASS" starttime="20200731 15:30:01.318" endtime="20200731 15:30:06.512"></status>
</kw>
<kw name="Choice Job">
<arguments>
<arg>QA</arg>
</arguments>
<kw name="Click Element" library="AppiumLibrary">
<doc>Click element identified by `locator`.</doc>
<arguments>
<arg>${SPINNER}</arg>
</arguments>
<msg timestamp="20200731 15:30:06.514" level="INFO">Clicking element 'id=io.qaninja.android.twp:id/spinnerJob'.</msg>
<status status="PASS" starttime="20200731 15:30:06.513" endtime="20200731 15:30:06.568"></status>
</kw>
<kw name="Wait Until Element Is Visible" library="AppiumLibrary">
<doc>Waits until element specified with `locator` is visible.</doc>
<arguments>
<arg>${LIST_OPTIONS}</arg>
</arguments>
<status status="PASS" starttime="20200731 15:30:06.568" endtime="20200731 15:30:07.642"></status>
</kw>
<kw name="Click Text" library="AppiumLibrary">
<doc>Click text identified by ``text``.</doc>
<arguments>
<arg>${target}</arg>
</arguments>
<status status="PASS" starttime="20200731 15:30:07.642" endtime="20200731 15:30:08.385"></status>
</kw>
<status status="PASS" starttime="20200731 15:30:06.512" endtime="20200731 15:30:08.385"></status>
</kw>
<kw name="Close Session" library="base" type="teardown">
<kw name="Capture Page Screenshot" library="AppiumLibrary">
<doc>Takes a screenshot of the current page and embeds it into the log.</doc>
<msg timestamp="20200731 15:30:10.179" level="INFO" html="yes">&lt;/td&gt;&lt;/tr&gt;&lt;tr&gt;&lt;td colspan="3"&gt;&lt;a href="appium-screenshot-10.png"&gt;&lt;img src="appium-screenshot-10.png" width="800px"&gt;&lt;/a&gt;</msg>
<status status="PASS" starttime="20200731 15:30:08.387" endtime="20200731 15:30:10.180"></status>
</kw>
<kw name="Close Application" library="AppiumLibrary">
<doc>Closes the current application and also close webdriver session.</doc>
<status status="PASS" starttime="20200731 15:30:10.180" endtime="20200731 15:30:11.204"></status>
</kw>
<status status="PASS" starttime="20200731 15:30:08.386" endtime="20200731 15:30:11.205"></status>
</kw>
<status status="PASS" starttime="20200731 15:29:43.584" endtime="20200731 15:30:11.205" critical="yes"></status>
</test>
<test id="s1-s8-t2" name="Deve selecionar o perfil DevOps">
<kw name="Open Session" library="base" type="setup">
<kw name="Set Appium Timeout" library="AppiumLibrary">
<doc>Sets the timeout in seconds used by various keywords.</doc>
<arguments>
<arg>5</arg>
</arguments>
<status status="PASS" starttime="20200731 15:30:11.208" endtime="20200731 15:30:11.208"></status>
</kw>
<kw name="Open Application" library="AppiumLibrary">
<doc>Opens a new application to given Appium server.
Capabilities of appium server, Android and iOS,
Please check https://github.com/appium/appium/blob/master/docs/en/writing-running-appium/server-args.md
| *Option*            | *Man.* | *Description*     |
| remote_url          | Yes    | Appium server url |
| alias               | no     | alias             |</doc>
<arguments>
<arg>http://127.0.0.1:4723/wd/hub</arg>
<arg>automationName=UiAutomator2</arg>
<arg>platformName=Android</arg>
<arg>deviceName=Emulator</arg>
<arg>app=${EXECDIR}/app/twp.apk</arg>
<arg>udid=emulator-5554</arg>
</arguments>
<status status="PASS" starttime="20200731 15:30:11.208" endtime="20200731 15:30:22.299"></status>
</kw>
<kw name="Get Started" library="helpers">
<kw name="Wait Until Page Contains" library="AppiumLibrary">
<doc>Waits until `text` appears on current page.</doc>
<arguments>
<arg>${START}</arg>
</arguments>
<status status="PASS" starttime="20200731 15:30:22.299" endtime="20200731 15:30:26.244"></status>
</kw>
<kw name="Click Text" library="AppiumLibrary">
<doc>Click text identified by ``text``.</doc>
<arguments>
<arg>${START}</arg>
</arguments>
<status status="PASS" starttime="20200731 15:30:26.244" endtime="20200731 15:30:26.540"></status>
</kw>
<status status="PASS" starttime="20200731 15:30:22.299" endtime="20200731 15:30:26.540"></status>
</kw>
<status status="PASS" starttime="20200731 15:30:11.207" endtime="20200731 15:30:26.541"></status>
</kw>
<kw name="Go To SingUp Form" library="helpers">
<kw name="Navigate To Menu" library="helpers">
<kw name="Wait Until Element Is Visible" library="AppiumLibrary">
<doc>Waits until element specified with `locator` is visible.</doc>
<arguments>
<arg>${NAVIGATE_TO_MENU}</arg>
</arguments>
<status status="PASS" starttime="20200731 15:30:26.544" endtime="20200731 15:30:27.891"></status>
</kw>
<kw name="Click Element" library="AppiumLibrary">
<doc>Click element identified by `locator`.</doc>
<arguments>
<arg>${NAVIGATE_TO_MENU}</arg>
</arguments>
<msg timestamp="20200731 15:30:27.893" level="INFO">Clicking element 'xpath=//android.widget.ImageButton[@content-desc="Open navigation drawer"]'.</msg>
<status status="PASS" starttime="20200731 15:30:27.892" endtime="20200731 15:30:28.031"></status>
</kw>
<kw name="Wait Until Element Is Visible" library="AppiumLibrary">
<doc>Waits until element specified with `locator` is visible.</doc>
<arguments>
<arg>id=io.qaninja.android.twp:id/navView</arg>
</arguments>
<status status="PASS" starttime="20200731 15:30:28.031" endtime="20200731 15:30:29.096"></status>
</kw>
<status status="PASS" starttime="20200731 15:30:26.542" endtime="20200731 15:30:29.096"></status>
</kw>
<kw name="Click Text" library="AppiumLibrary">
<doc>Click text identified by ``text``.</doc>
<arguments>
<arg>FORMS</arg>
</arguments>
<status status="PASS" starttime="20200731 15:30:29.097" endtime="20200731 15:30:29.457"></status>
</kw>
<kw name="Wait Until Page Contains" library="AppiumLibrary">
<doc>Waits until `text` appears on current page.</doc>
<arguments>
<arg>FORMS</arg>
</arguments>
<status status="PASS" starttime="20200731 15:30:29.457" endtime="20200731 15:30:30.067"></status>
</kw>
<kw name="Click Text" library="AppiumLibrary">
<doc>Click text identified by ``text``.</doc>
<arguments>
<arg>CADASTRO</arg>
</arguments>
<status status="PASS" starttime="20200731 15:30:30.067" endtime="20200731 15:30:30.612"></status>
</kw>
<kw name="Wait Until Page Contains" library="AppiumLibrary">
<doc>Waits until `text` appears on current page.</doc>
<arguments>
<arg>Bem-vindo, crie sua conta.</arg>
</arguments>
<status status="PASS" starttime="20200731 15:30:30.613" endtime="20200731 15:30:32.100"></status>
</kw>
<status status="PASS" starttime="20200731 15:30:26.541" endtime="20200731 15:30:32.101"></status>
</kw>
<kw name="Choice Job">
<arguments>
<arg>DevOps</arg>
</arguments>
<kw name="Click Element" library="AppiumLibrary">
<doc>Click element identified by `locator`.</doc>
<arguments>
<arg>${SPINNER}</arg>
</arguments>
<msg timestamp="20200731 15:30:32.103" level="INFO">Clicking element 'id=io.qaninja.android.twp:id/spinnerJob'.</msg>
<status status="PASS" starttime="20200731 15:30:32.102" endtime="20200731 15:30:32.158"></status>
</kw>
<kw name="Wait Until Element Is Visible" library="AppiumLibrary">
<doc>Waits until element specified with `locator` is visible.</doc>
<arguments>
<arg>${LIST_OPTIONS}</arg>
</arguments>
<status status="PASS" starttime="20200731 15:30:32.158" endtime="20200731 15:30:33.179"></status>
</kw>
<kw name="Click Text" library="AppiumLibrary">
<doc>Click text identified by ``text``.</doc>
<arguments>
<arg>${target}</arg>
</arguments>
<status status="PASS" starttime="20200731 15:30:33.179" endtime="20200731 15:30:33.921"></status>
</kw>
<status status="PASS" starttime="20200731 15:30:32.101" endtime="20200731 15:30:33.921"></status>
</kw>
<kw name="Close Session" library="base" type="teardown">
<kw name="Capture Page Screenshot" library="AppiumLibrary">
<doc>Takes a screenshot of the current page and embeds it into the log.</doc>
<msg timestamp="20200731 15:30:35.683" level="INFO" html="yes">&lt;/td&gt;&lt;/tr&gt;&lt;tr&gt;&lt;td colspan="3"&gt;&lt;a href="appium-screenshot-11.png"&gt;&lt;img src="appium-screenshot-11.png" width="800px"&gt;&lt;/a&gt;</msg>
<status status="PASS" starttime="20200731 15:30:33.922" endtime="20200731 15:30:35.683"></status>
</kw>
<kw name="Close Application" library="AppiumLibrary">
<doc>Closes the current application and also close webdriver session.</doc>
<status status="PASS" starttime="20200731 15:30:35.683" endtime="20200731 15:30:36.664"></status>
</kw>
<status status="PASS" starttime="20200731 15:30:33.922" endtime="20200731 15:30:36.664"></status>
</kw>
<status status="PASS" starttime="20200731 15:30:11.206" endtime="20200731 15:30:36.665" critical="yes"></status>
</test>
<status status="PASS" starttime="20200731 15:29:43.565" endtime="20200731 15:30:36.667"></status>
</suite>
<suite id="s1-s9" name="Swipe" source="C:\qaninja\twp\tests\swipe.robot">
<test id="s1-s9-t1" name="Deve remover o Capitão América">
<kw name="Open Session" library="base" type="setup">
<kw name="Set Appium Timeout" library="AppiumLibrary">
<doc>Sets the timeout in seconds used by various keywords.</doc>
<arguments>
<arg>5</arg>
</arguments>
<status status="PASS" starttime="20200731 15:30:36.684" endtime="20200731 15:30:36.684"></status>
</kw>
<kw name="Open Application" library="AppiumLibrary">
<doc>Opens a new application to given Appium server.
Capabilities of appium server, Android and iOS,
Please check https://github.com/appium/appium/blob/master/docs/en/writing-running-appium/server-args.md
| *Option*            | *Man.* | *Description*     |
| remote_url          | Yes    | Appium server url |
| alias               | no     | alias             |</doc>
<arguments>
<arg>http://127.0.0.1:4723/wd/hub</arg>
<arg>automationName=UiAutomator2</arg>
<arg>platformName=Android</arg>
<arg>deviceName=Emulator</arg>
<arg>app=${EXECDIR}/app/twp.apk</arg>
<arg>udid=emulator-5554</arg>
</arguments>
<status status="PASS" starttime="20200731 15:30:36.684" endtime="20200731 15:30:48.326"></status>
</kw>
<kw name="Get Started" library="helpers">
<kw name="Wait Until Page Contains" library="AppiumLibrary">
<doc>Waits until `text` appears on current page.</doc>
<arguments>
<arg>${START}</arg>
</arguments>
<status status="PASS" starttime="20200731 15:30:48.327" endtime="20200731 15:30:52.099"></status>
</kw>
<kw name="Click Text" library="AppiumLibrary">
<doc>Click text identified by ``text``.</doc>
<arguments>
<arg>${START}</arg>
</arguments>
<status status="PASS" starttime="20200731 15:30:52.100" endtime="20200731 15:30:52.432"></status>
</kw>
<status status="PASS" starttime="20200731 15:30:48.326" endtime="20200731 15:30:52.432"></status>
</kw>
<status status="PASS" starttime="20200731 15:30:36.683" endtime="20200731 15:30:52.432"></status>
</kw>
<kw name="Go To Avangers List" library="helpers">
<kw name="Navigate To Menu" library="helpers">
<kw name="Wait Until Element Is Visible" library="AppiumLibrary">
<doc>Waits until element specified with `locator` is visible.</doc>
<arguments>
<arg>${NAVIGATE_TO_MENU}</arg>
</arguments>
<status status="PASS" starttime="20200731 15:30:52.434" endtime="20200731 15:30:53.873"></status>
</kw>
<kw name="Click Element" library="AppiumLibrary">
<doc>Click element identified by `locator`.</doc>
<arguments>
<arg>${NAVIGATE_TO_MENU}</arg>
</arguments>
<msg timestamp="20200731 15:30:53.875" level="INFO">Clicking element 'xpath=//android.widget.ImageButton[@content-desc="Open navigation drawer"]'.</msg>
<status status="PASS" starttime="20200731 15:30:53.874" endtime="20200731 15:30:54.053"></status>
</kw>
<kw name="Wait Until Element Is Visible" library="AppiumLibrary">
<doc>Waits until element specified with `locator` is visible.</doc>
<arguments>
<arg>id=io.qaninja.android.twp:id/navView</arg>
</arguments>
<status status="PASS" starttime="20200731 15:30:54.053" endtime="20200731 15:30:55.152"></status>
</kw>
<status status="PASS" starttime="20200731 15:30:52.433" endtime="20200731 15:30:55.152"></status>
</kw>
<kw name="Click Text" library="AppiumLibrary">
<doc>Click text identified by ``text``.</doc>
<arguments>
<arg>AVENGERS</arg>
</arguments>
<status status="PASS" starttime="20200731 15:30:55.153" endtime="20200731 15:30:55.450"></status>
</kw>
<kw name="Wait Until Page Contains" library="AppiumLibrary">
<doc>Waits until `text` appears on current page.</doc>
<arguments>
<arg>AVENGERS</arg>
</arguments>
<status status="PASS" starttime="20200731 15:30:55.450" endtime="20200731 15:30:56.558"></status>
</kw>
<kw name="Click Text" library="AppiumLibrary">
<doc>Click text identified by ``text``.</doc>
<arguments>
<arg>LISTA</arg>
</arguments>
<status status="PASS" starttime="20200731 15:30:56.558" endtime="20200731 15:30:56.701"></status>
</kw>
<kw name="Wait Until Page Contains" library="AppiumLibrary">
<doc>Waits until `text` appears on current page.</doc>
<arguments>
<arg>LISTA</arg>
</arguments>
<status status="PASS" starttime="20200731 15:30:56.702" endtime="20200731 15:30:58.127"></status>
</kw>
<status status="PASS" starttime="20200731 15:30:52.433" endtime="20200731 15:30:58.128"></status>
</kw>
<kw name="Swipe By Percent" library="AppiumLibrary">
<doc>Swipe from one percent of the screen to another percent, for an optional duration.
Normal swipe fails to scale for different screen resolutions, this can be avoided using percent.</doc>
<arguments>
<arg>88.88</arg>
<arg>18.22</arg>
<arg>47.22</arg>
<arg>18.22</arg>
</arguments>
<status status="PASS" starttime="20200731 15:30:58.129" endtime="20200731 15:31:00.146"></status>
</kw>
<kw name="Wait Until Element Is Visible" library="AppiumLibrary">
<doc>Waits until element specified with `locator` is visible.</doc>
<arguments>
<arg>${BTN_REMOVE}</arg>
</arguments>
<status status="PASS" starttime="20200731 15:31:00.147" endtime="20200731 15:31:00.195"></status>
</kw>
<kw name="Click Element" library="AppiumLibrary">
<doc>Click element identified by `locator`.</doc>
<arguments>
<arg>${BTN_REMOVE}</arg>
</arguments>
<msg timestamp="20200731 15:31:00.197" level="INFO">Clicking element 'id=io.qaninja.android.twp:id/btnRemove'.</msg>
<status status="PASS" starttime="20200731 15:31:00.195" endtime="20200731 15:31:00.261"></status>
</kw>
<kw name="Sleep" library="BuiltIn">
<doc>Pauses the test executed for the given time.</doc>
<arguments>
<arg>5</arg>
</arguments>
<msg timestamp="20200731 15:31:05.262" level="INFO">Slept 5 seconds</msg>
<status status="PASS" starttime="20200731 15:31:00.262" endtime="20200731 15:31:05.262"></status>
</kw>
<kw name="Close Session" library="base" type="teardown">
<kw name="Capture Page Screenshot" library="AppiumLibrary">
<doc>Takes a screenshot of the current page and embeds it into the log.</doc>
<msg timestamp="20200731 15:31:05.839" level="INFO" html="yes">&lt;/td&gt;&lt;/tr&gt;&lt;tr&gt;&lt;td colspan="3"&gt;&lt;a href="appium-screenshot-12.png"&gt;&lt;img src="appium-screenshot-12.png" width="800px"&gt;&lt;/a&gt;</msg>
<status status="PASS" starttime="20200731 15:31:05.263" endtime="20200731 15:31:05.840"></status>
</kw>
<kw name="Close Application" library="AppiumLibrary">
<doc>Closes the current application and also close webdriver session.</doc>
<status status="PASS" starttime="20200731 15:31:05.840" endtime="20200731 15:31:06.944"></status>
</kw>
<status status="PASS" starttime="20200731 15:31:05.263" endtime="20200731 15:31:06.945"></status>
</kw>
<status status="PASS" starttime="20200731 15:30:36.682" endtime="20200731 15:31:06.945" critical="yes"></status>
</test>
<status status="PASS" starttime="20200731 15:30:36.671" endtime="20200731 15:31:06.947"></status>
</suite>
<status status="PASS" starttime="20200731 15:25:42.010" endtime="20200731 15:31:06.955"></status>
</suite>
<statistics>
<total>
<stat pass="13" fail="0">Critical Tests</stat>
<stat pass="13" fail="0">All Tests</stat>
</total>
<tag>
<stat pass="1" fail="0">long</stat>
<stat pass="1" fail="0">short</stat>
</tag>
<suite>
<stat pass="13" fail="0" id="s1" name="Tests">Tests</stat>
<stat pass="2" fail="0" id="s1-s1" name="Buttons">Tests.Buttons</stat>
<stat pass="1" fail="0" id="s1-s2" name="Checkbox">Tests.Checkbox</stat>
<stat pass="1" fail="0" id="s1-s3" name="Drag-And-Drop">Tests.Drag-And-Drop</stat>
<stat pass="1" fail="0" id="s1-s4" name="Home">Tests.Home</stat>
<stat pass="1" fail="0" id="s1-s5" name="Login">Tests.Login</stat>
<stat pass="3" fail="0" id="s1-s6" name="Nav">Tests.Nav</stat>
<stat pass="1" fail="0" id="s1-s7" name="Radio">Tests.Radio</stat>
<stat pass="2" fail="0" id="s1-s8" name="Spinner">Tests.Spinner</stat>
<stat pass="1" fail="0" id="s1-s9" name="Swipe">Tests.Swipe</stat>
</suite>
</statistics>
<errors>
</errors>
</robot>
